Terminals unused in grammar

   addressvalue


Grammar

    0 $accept: Grammar $end

    1 Grammar: %empty
    2        | InstructionSequence

    3 EndlineRepeater: EndlineRepeater endline
    4                | endline

    5 InstructionSequence: InstructionSequence Instruction EndlineRepeater
    6                    | Instruction EndlineRepeater
    7                    | EndlineRepeater

    8 Instruction: add_instruction
    9            | sub_instruction
   10            | mul_instruction
   11            | div_instruction
   12            | neg_instruction
   13            | and_instruction
   14            | or_instruction
   15            | not_instruction
   16            | equ_instruction
   17            | geq_instruction
   18            | leq_instruction
   19            | les_instruction
   20            | grt_instruction
   21            | neq_instruction
   22            | ldo_instruction
   23            | ldc_instruction
   24            | ind_instruction
   25            | sro_instruction
   26            | sto_instruction
   27            | ujp_instruction
   28            | fjp_instruction
   29            | ixj_instruction
   30            | ixa_instruction
   31            | inc_instruction
   32            | dec_instruction
   33            | chk_instruction
   34            | dpl_instruction
   35            | ldd_instruction
   36            | sli_instruction
   37            | new_instruction
   38            | lod_instruction
   39            | lda_instruction
   40            | str_instruction
   41            | mst_instruction
   42            | cup_instruction
   43            | ssp_instruction
   44            | sep_instruction
   45            | ent_instruction
   46            | retf_instruction
   47            | retp_instruction
   48            | movs_instruction
   49            | movd_instruction
   50            | smp_instruction
   51            | cupi_instruction
   52            | mstf_instruction
   53            | hlt_instruction
   54            | inp_instruction
   55            | out_instruction
   56            | conv_instruction
   57            | label_introduction

   58 numeric: real_specifier
   59        | integer_specifier

   60 arbitrary: numeric
   61          | boolean_specifier
   62          | character_specifier
   63          | address_specifier

   64 space: blank space
   65      | blank

   66 add_instruction: add_instr space numeric
   67                | add_instr error

   68 sub_instruction: sub_instr space numeric
   69                | sub_instr error

   70 mul_instruction: mul_instr space numeric
   71                | mul_instr error

   72 div_instruction: div_instr space numeric
   73                | div_instr error

   74 neg_instruction: neg_instr space numeric
   75                | neg_instr error

   76 and_instruction: and_instr

   77 or_instruction: or_instr

   78 not_instruction: not_instr

   79 equ_instruction: equ_instr space arbitrary
   80                | equ_instr error

   81 geq_instruction: geq_instr space arbitrary
   82                | geq_instr error

   83 leq_instruction: leq_instr space arbitrary
   84                | leq_instr error

   85 les_instruction: les_instr space arbitrary
   86                | les_instr error

   87 grt_instruction: grt_instr space arbitrary
   88                | grt_instr error

   89 neq_instruction: neq_instr space arbitrary
   90                | neq_instr error

   91 ldo_instruction: ldo_instr space arbitrary space integervalue
   92                | ldo_instr error

   93 ldc_instruction: ldc_instr space real_specifier space realvalue
   94                | ldc_instr space integer_specifier space integervalue
   95                | ldc_instr space boolean_specifier space boolvalue
   96                | ldc_instr space character_specifier space integervalue
   97                | ldc_instr space character_specifier space charactervalue
   98                | ldc_instr space address_specifier space integervalue
   99                | ldc_instr error

  100 ind_instruction: ind_instr space arbitrary
  101                | ind_instr error

  102 sro_instruction: sro_instr space arbitrary space integervalue
  103                | sro_instr error

  104 sto_instruction: sto_instr space arbitrary
  105                | sto_instr error

  106 ujp_instruction: ujp_instr space appliedlabel
  107                | ujp_instr error

  108 fjp_instruction: fjp_instr space appliedlabel
  109                | fjp_instr error

  110 ixj_instruction: ixj_instr space appliedlabel
  111                | ixj_instr error

  112 ixa_instruction: ixa_instr space integervalue
  113                | ixa_instr error

  114 inc_instruction: inc_instr space arbitrary space integervalue
  115                | inc_instr error

  116 dec_instruction: dec_instr space arbitrary space integervalue
  117                | dec_instr error

  118 chk_instruction: chk_instr space integervalue space integervalue
  119                | chk_instr error

  120 dpl_instruction: dpl_instr space arbitrary
  121                | dpl_instr error

  122 ldd_instruction: ldd_instr space integervalue
  123                | ldd_instr error

  124 sli_instruction: sli_instr space arbitrary
  125                | sli_instr error

  126 new_instruction: new_instr

  127 lod_instruction: lod_instr space arbitrary space integervalue space integervalue
  128                | lod_instr error

  129 lda_instruction: lda_instr space integervalue space integervalue
  130                | lda_instr error

  131 str_instruction: str_instr space arbitrary space integervalue space integervalue
  132                | str_instr error

  133 mst_instruction: mst_instr space integervalue
  134                | mst_instr error

  135 cup_instruction: cup_instr space integervalue space appliedlabel
  136                | cup_instr error

  137 ssp_instruction: ssp_instr space integervalue
  138                | ssp_instr error

  139 sep_instruction: sep_instr space integervalue
  140                | sep_instr error

  141 ent_instruction: ent_instr space integervalue space integervalue
  142                | ent_instr error

  143 retf_instruction: retf_instr

  144 retp_instruction: retp_instr

  145 movs_instruction: movs_instr space integervalue
  146                 | movs_instr error

  147 movd_instruction: movd_instr space integervalue
  148                 | movd_instr error

  149 smp_instruction: smp_instr space integervalue
  150                | smp_instr error

  151 cupi_instruction: cupi_instr space integervalue space integervalue
  152                 | cupi_instr error

  153 mstf_instruction: mstf_instr space integervalue space integervalue
  154                 | mstf_instr error

  155 hlt_instruction: hlt_instr

  156 inp_instruction: inp_instr space integer_specifier
  157                | inp_instr space real_specifier
  158                | inp_instr space boolean_specifier
  159                | inp_instr space character_specifier
  160                | inp_instr space address_specifier
  161                | inp_instr error

  162 out_instruction: out_instr space real_specifier space integer_specifier
  163                | out_instr space real_specifier
  164                | out_instr space integer_specifier
  165                | out_instr space character_specifier
  166                | out_instr space address_specifier
  167                | out_instr space boolean_specifier
  168                | out_instr error

  169 conv_instruction: conv_instr space arbitrary space arbitrary
  170                 | conv_instr error

  171 label_introduction: defininglabel


Terminals, with rules where they appear

$end (0) 0
error (256) 67 69 71 73 75 80 82 84 86 88 90 92 99 101 103 105 107
    109 111 113 115 117 119 121 123 125 128 130 132 134 136 138 140
    142 146 148 150 152 154 161 168 170
add_instr (258) 66 67
sub_instr (259) 68 69
mul_instr (260) 70 71
div_instr (261) 72 73
neg_instr (262) 74 75
and_instr (263) 76
or_instr (264) 77
not_instr (265) 78
equ_instr (266) 79 80
geq_instr (267) 81 82
leq_instr (268) 83 84
les_instr (269) 85 86
grt_instr (270) 87 88
neq_instr (271) 89 90
ldo_instr (272) 91 92
ldc_instr (273) 93 94 95 96 97 98 99
ind_instr (274) 100 101
sro_instr (275) 102 103
sto_instr (276) 104 105
ujp_instr (277) 106 107
fjp_instr (278) 108 109
ixj_instr (279) 110 111
ixa_instr (280) 112 113
inc_instr (281) 114 115
dec_instr (282) 116 117
chk_instr (283) 118 119
dpl_instr (284) 120 121
ldd_instr (285) 122 123
sli_instr (286) 124 125
new_instr (287) 126
lod_instr (288) 127 128
lda_instr (289) 129 130
str_instr (290) 131 132
mst_instr (291) 133 134
cup_instr (292) 135 136
ssp_instr (293) 137 138
sep_instr (294) 139 140
ent_instr (295) 141 142
retf_instr (296) 143
retp_instr (297) 144
movs_instr (298) 145 146
movd_instr (299) 147 148
smp_instr (300) 149 150
cupi_instr (301) 151 152
mstf_instr (302) 153 154
hlt_instr (303) 155
inp_instr (304) 156 157 158 159 160 161
out_instr (305) 162 163 164 165 166 167 168
conv_instr (306) 169 170
blank (307) 64 65
endline (308) 3 4
boolean_specifier (309) 61 95 158 167
real_specifier (310) 58 93 157 162 163
integer_specifier (311) 59 94 156 162 164
character_specifier (312) 62 96 97 159 165
address_specifier (313) 63 98 160 166
boolvalue (314) 95
integervalue (315) 91 94 96 98 102 112 114 116 118 122 127 129 131
    133 135 137 139 141 145 147 149 151 153
charactervalue (316) 97
realvalue (317) 93
addressvalue (318)
appliedlabel (319) 106 108 110 135
defininglabel (320) 171


Nonterminals, with rules where they appear

$accept (66)
    on left: 0
Grammar (67)
    on left: 1 2, on right: 0
EndlineRepeater (68)
    on left: 3 4, on right: 3 5 6 7
InstructionSequence (69)
    on left: 5 6 7, on right: 2 5
Instruction (70)
    on left: 8 9 10 11 12 13 14 15 16 17 18 19 20 21 22 23 24 25 26
    27 28 29 30 31 32 33 34 35 36 37 38 39 40 41 42 43 44 45 46 47
    48 49 50 51 52 53 54 55 56 57, on right: 5 6
numeric (71)
    on left: 58 59, on right: 60 66 68 70 72 74
arbitrary (72)
    on left: 60 61 62 63, on right: 79 81 83 85 87 89 91 100 102 104
    114 116 120 124 127 131 169
space (73)
    on left: 64 65, on right: 64 66 68 70 72 74 79 81 83 85 87 89 91
    93 94 95 96 97 98 100 102 104 106 108 110 112 114 116 118 120 122
    124 127 129 131 133 135 137 139 141 145 147 149 151 153 156 157
    158 159 160 162 163 164 165 166 167 169
add_instruction (74)
    on left: 66 67, on right: 8
sub_instruction (75)
    on left: 68 69, on right: 9
mul_instruction (76)
    on left: 70 71, on right: 10
div_instruction (77)
    on left: 72 73, on right: 11
neg_instruction (78)
    on left: 74 75, on right: 12
and_instruction (79)
    on left: 76, on right: 13
or_instruction (80)
    on left: 77, on right: 14
not_instruction (81)
    on left: 78, on right: 15
equ_instruction (82)
    on left: 79 80, on right: 16
geq_instruction (83)
    on left: 81 82, on right: 17
leq_instruction (84)
    on left: 83 84, on right: 18
les_instruction (85)
    on left: 85 86, on right: 19
grt_instruction (86)
    on left: 87 88, on right: 20
neq_instruction (87)
    on left: 89 90, on right: 21
ldo_instruction (88)
    on left: 91 92, on right: 22
ldc_instruction (89)
    on left: 93 94 95 96 97 98 99, on right: 23
ind_instruction (90)
    on left: 100 101, on right: 24
sro_instruction (91)
    on left: 102 103, on right: 25
sto_instruction (92)
    on left: 104 105, on right: 26
ujp_instruction (93)
    on left: 106 107, on right: 27
fjp_instruction (94)
    on left: 108 109, on right: 28
ixj_instruction (95)
    on left: 110 111, on right: 29
ixa_instruction (96)
    on left: 112 113, on right: 30
inc_instruction (97)
    on left: 114 115, on right: 31
dec_instruction (98)
    on left: 116 117, on right: 32
chk_instruction (99)
    on left: 118 119, on right: 33
dpl_instruction (100)
    on left: 120 121, on right: 34
ldd_instruction (101)
    on left: 122 123, on right: 35
sli_instruction (102)
    on left: 124 125, on right: 36
new_instruction (103)
    on left: 126, on right: 37
lod_instruction (104)
    on left: 127 128, on right: 38
lda_instruction (105)
    on left: 129 130, on right: 39
str_instruction (106)
    on left: 131 132, on right: 40
mst_instruction (107)
    on left: 133 134, on right: 41
cup_instruction (108)
    on left: 135 136, on right: 42
ssp_instruction (109)
    on left: 137 138, on right: 43
sep_instruction (110)
    on left: 139 140, on right: 44
ent_instruction (111)
    on left: 141 142, on right: 45
retf_instruction (112)
    on left: 143, on right: 46
retp_instruction (113)
    on left: 144, on right: 47
movs_instruction (114)
    on left: 145 146, on right: 48
movd_instruction (115)
    on left: 147 148, on right: 49
smp_instruction (116)
    on left: 149 150, on right: 50
cupi_instruction (117)
    on left: 151 152, on right: 51
mstf_instruction (118)
    on left: 153 154, on right: 52
hlt_instruction (119)
    on left: 155, on right: 53
inp_instruction (120)
    on left: 156 157 158 159 160 161, on right: 54
out_instruction (121)
    on left: 162 163 164 165 166 167 168, on right: 55
conv_instruction (122)
    on left: 169 170, on right: 56
label_introduction (123)
    on left: 171, on right: 57


State 0

    0 $accept: . Grammar $end

    add_instr      shift, and go to state 1
    sub_instr      shift, and go to state 2
    mul_instr      shift, and go to state 3
    div_instr      shift, and go to state 4
    neg_instr      shift, and go to state 5
    and_instr      shift, and go to state 6
    or_instr       shift, and go to state 7
    not_instr      shift, and go to state 8
    equ_instr      shift, and go to state 9
    geq_instr      shift, and go to state 10
    leq_instr      shift, and go to state 11
    les_instr      shift, and go to state 12
    grt_instr      shift, and go to state 13
    neq_instr      shift, and go to state 14
    ldo_instr      shift, and go to state 15
    ldc_instr      shift, and go to state 16
    ind_instr      shift, and go to state 17
    sro_instr      shift, and go to state 18
    sto_instr      shift, and go to state 19
    ujp_instr      shift, and go to state 20
    fjp_instr      shift, and go to state 21
    ixj_instr      shift, and go to state 22
    ixa_instr      shift, and go to state 23
    inc_instr      shift, and go to state 24
    dec_instr      shift, and go to state 25
    chk_instr      shift, and go to state 26
    dpl_instr      shift, and go to state 27
    ldd_instr      shift, and go to state 28
    sli_instr      shift, and go to state 29
    new_instr      shift, and go to state 30
    lod_instr      shift, and go to state 31
    lda_instr      shift, and go to state 32
    str_instr      shift, and go to state 33
    mst_instr      shift, and go to state 34
    cup_instr      shift, and go to state 35
    ssp_instr      shift, and go to state 36
    sep_instr      shift, and go to state 37
    ent_instr      shift, and go to state 38
    retf_instr     shift, and go to state 39
    retp_instr     shift, and go to state 40
    movs_instr     shift, and go to state 41
    movd_instr     shift, and go to state 42
    smp_instr      shift, and go to state 43
    cupi_instr     shift, and go to state 44
    mstf_instr     shift, and go to state 45
    hlt_instr      shift, and go to state 46
    inp_instr      shift, and go to state 47
    out_instr      shift, and go to state 48
    conv_instr     shift, and go to state 49
    endline        shift, and go to state 50
    defininglabel  shift, and go to state 51

    $default  reduce using rule 1 (Grammar)

    Grammar              go to state 52
    EndlineRepeater      go to state 53
    InstructionSequence  go to state 54
    Instruction          go to state 55
    add_instruction      go to state 56
    sub_instruction      go to state 57
    mul_instruction      go to state 58
    div_instruction      go to state 59
    neg_instruction      go to state 60
    and_instruction      go to state 61
    or_instruction       go to state 62
    not_instruction      go to state 63
    equ_instruction      go to state 64
    geq_instruction      go to state 65
    leq_instruction      go to state 66
    les_instruction      go to state 67
    grt_instruction      go to state 68
    neq_instruction      go to state 69
    ldo_instruction      go to state 70
    ldc_instruction      go to state 71
    ind_instruction      go to state 72
    sro_instruction      go to state 73
    sto_instruction      go to state 74
    ujp_instruction      go to state 75
    fjp_instruction      go to state 76
    ixj_instruction      go to state 77
    ixa_instruction      go to state 78
    inc_instruction      go to state 79
    dec_instruction      go to state 80
    chk_instruction      go to state 81
    dpl_instruction      go to state 82
    ldd_instruction      go to state 83
    sli_instruction      go to state 84
    new_instruction      go to state 85
    lod_instruction      go to state 86
    lda_instruction      go to state 87
    str_instruction      go to state 88
    mst_instruction      go to state 89
    cup_instruction      go to state 90
    ssp_instruction      go to state 91
    sep_instruction      go to state 92
    ent_instruction      go to state 93
    retf_instruction     go to state 94
    retp_instruction     go to state 95
    movs_instruction     go to state 96
    movd_instruction     go to state 97
    smp_instruction      go to state 98
    cupi_instruction     go to state 99
    mstf_instruction     go to state 100
    hlt_instruction      go to state 101
    inp_instruction      go to state 102
    out_instruction      go to state 103
    conv_instruction     go to state 104
    label_introduction   go to state 105


State 1

   66 add_instruction: add_instr . space numeric
   67                | add_instr . error

    error  shift, and go to state 106
    blank  shift, and go to state 107

    space  go to state 108


State 2

   68 sub_instruction: sub_instr . space numeric
   69                | sub_instr . error

    error  shift, and go to state 109
    blank  shift, and go to state 107

    space  go to state 110


State 3

   70 mul_instruction: mul_instr . space numeric
   71                | mul_instr . error

    error  shift, and go to state 111
    blank  shift, and go to state 107

    space  go to state 112


State 4

   72 div_instruction: div_instr . space numeric
   73                | div_instr . error

    error  shift, and go to state 113
    blank  shift, and go to state 107

    space  go to state 114


State 5

   74 neg_instruction: neg_instr . space numeric
   75                | neg_instr . error

    error  shift, and go to state 115
    blank  shift, and go to state 107

    space  go to state 116


State 6

   76 and_instruction: and_instr .

    $default  reduce using rule 76 (and_instruction)


State 7

   77 or_instruction: or_instr .

    $default  reduce using rule 77 (or_instruction)


State 8

   78 not_instruction: not_instr .

    $default  reduce using rule 78 (not_instruction)


State 9

   79 equ_instruction: equ_instr . space arbitrary
   80                | equ_instr . error

    error  shift, and go to state 117
    blank  shift, and go to state 107

    space  go to state 118


State 10

   81 geq_instruction: geq_instr . space arbitrary
   82                | geq_instr . error

    error  shift, and go to state 119
    blank  shift, and go to state 107

    space  go to state 120


State 11

   83 leq_instruction: leq_instr . space arbitrary
   84                | leq_instr . error

    error  shift, and go to state 121
    blank  shift, and go to state 107

    space  go to state 122


State 12

   85 les_instruction: les_instr . space arbitrary
   86                | les_instr . error

    error  shift, and go to state 123
    blank  shift, and go to state 107

    space  go to state 124


State 13

   87 grt_instruction: grt_instr . space arbitrary
   88                | grt_instr . error

    error  shift, and go to state 125
    blank  shift, and go to state 107

    space  go to state 126


State 14

   89 neq_instruction: neq_instr . space arbitrary
   90                | neq_instr . error

    error  shift, and go to state 127
    blank  shift, and go to state 107

    space  go to state 128


State 15

   91 ldo_instruction: ldo_instr . space arbitrary space integervalue
   92                | ldo_instr . error

    error  shift, and go to state 129
    blank  shift, and go to state 107

    space  go to state 130


State 16

   93 ldc_instruction: ldc_instr . space real_specifier space realvalue
   94                | ldc_instr . space integer_specifier space integervalue
   95                | ldc_instr . space boolean_specifier space boolvalue
   96                | ldc_instr . space character_specifier space integervalue
   97                | ldc_instr . space character_specifier space charactervalue
   98                | ldc_instr . space address_specifier space integervalue
   99                | ldc_instr . error

    error  shift, and go to state 131
    blank  shift, and go to state 107

    space  go to state 132


State 17

  100 ind_instruction: ind_instr . space arbitrary
  101                | ind_instr . error

    error  shift, and go to state 133
    blank  shift, and go to state 107

    space  go to state 134


State 18

  102 sro_instruction: sro_instr . space arbitrary space integervalue
  103                | sro_instr . error

    error  shift, and go to state 135
    blank  shift, and go to state 107

    space  go to state 136


State 19

  104 sto_instruction: sto_instr . space arbitrary
  105                | sto_instr . error

    error  shift, and go to state 137
    blank  shift, and go to state 107

    space  go to state 138


State 20

  106 ujp_instruction: ujp_instr . space appliedlabel
  107                | ujp_instr . error

    error  shift, and go to state 139
    blank  shift, and go to state 107

    space  go to state 140


State 21

  108 fjp_instruction: fjp_instr . space appliedlabel
  109                | fjp_instr . error

    error  shift, and go to state 141
    blank  shift, and go to state 107

    space  go to state 142


State 22

  110 ixj_instruction: ixj_instr . space appliedlabel
  111                | ixj_instr . error

    error  shift, and go to state 143
    blank  shift, and go to state 107

    space  go to state 144


State 23

  112 ixa_instruction: ixa_instr . space integervalue
  113                | ixa_instr . error

    error  shift, and go to state 145
    blank  shift, and go to state 107

    space  go to state 146


State 24

  114 inc_instruction: inc_instr . space arbitrary space integervalue
  115                | inc_instr . error

    error  shift, and go to state 147
    blank  shift, and go to state 107

    space  go to state 148


State 25

  116 dec_instruction: dec_instr . space arbitrary space integervalue
  117                | dec_instr . error

    error  shift, and go to state 149
    blank  shift, and go to state 107

    space  go to state 150


State 26

  118 chk_instruction: chk_instr . space integervalue space integervalue
  119                | chk_instr . error

    error  shift, and go to state 151
    blank  shift, and go to state 107

    space  go to state 152


State 27

  120 dpl_instruction: dpl_instr . space arbitrary
  121                | dpl_instr . error

    error  shift, and go to state 153
    blank  shift, and go to state 107

    space  go to state 154


State 28

  122 ldd_instruction: ldd_instr . space integervalue
  123                | ldd_instr . error

    error  shift, and go to state 155
    blank  shift, and go to state 107

    space  go to state 156


State 29

  124 sli_instruction: sli_instr . space arbitrary
  125                | sli_instr . error

    error  shift, and go to state 157
    blank  shift, and go to state 107

    space  go to state 158


State 30

  126 new_instruction: new_instr .

    $default  reduce using rule 126 (new_instruction)


State 31

  127 lod_instruction: lod_instr . space arbitrary space integervalue space integervalue
  128                | lod_instr . error

    error  shift, and go to state 159
    blank  shift, and go to state 107

    space  go to state 160


State 32

  129 lda_instruction: lda_instr . space integervalue space integervalue
  130                | lda_instr . error

    error  shift, and go to state 161
    blank  shift, and go to state 107

    space  go to state 162


State 33

  131 str_instruction: str_instr . space arbitrary space integervalue space integervalue
  132                | str_instr . error

    error  shift, and go to state 163
    blank  shift, and go to state 107

    space  go to state 164


State 34

  133 mst_instruction: mst_instr . space integervalue
  134                | mst_instr . error

    error  shift, and go to state 165
    blank  shift, and go to state 107

    space  go to state 166


State 35

  135 cup_instruction: cup_instr . space integervalue space appliedlabel
  136                | cup_instr . error

    error  shift, and go to state 167
    blank  shift, and go to state 107

    space  go to state 168


State 36

  137 ssp_instruction: ssp_instr . space integervalue
  138                | ssp_instr . error

    error  shift, and go to state 169
    blank  shift, and go to state 107

    space  go to state 170


State 37

  139 sep_instruction: sep_instr . space integervalue
  140                | sep_instr . error

    error  shift, and go to state 171
    blank  shift, and go to state 107

    space  go to state 172


State 38

  141 ent_instruction: ent_instr . space integervalue space integervalue
  142                | ent_instr . error

    error  shift, and go to state 173
    blank  shift, and go to state 107

    space  go to state 174


State 39

  143 retf_instruction: retf_instr .

    $default  reduce using rule 143 (retf_instruction)


State 40

  144 retp_instruction: retp_instr .

    $default  reduce using rule 144 (retp_instruction)


State 41

  145 movs_instruction: movs_instr . space integervalue
  146                 | movs_instr . error

    error  shift, and go to state 175
    blank  shift, and go to state 107

    space  go to state 176


State 42

  147 movd_instruction: movd_instr . space integervalue
  148                 | movd_instr . error

    error  shift, and go to state 177
    blank  shift, and go to state 107

    space  go to state 178


State 43

  149 smp_instruction: smp_instr . space integervalue
  150                | smp_instr . error

    error  shift, and go to state 179
    blank  shift, and go to state 107

    space  go to state 180


State 44

  151 cupi_instruction: cupi_instr . space integervalue space integervalue
  152                 | cupi_instr . error

    error  shift, and go to state 181
    blank  shift, and go to state 107

    space  go to state 182


State 45

  153 mstf_instruction: mstf_instr . space integervalue space integervalue
  154                 | mstf_instr . error

    error  shift, and go to state 183
    blank  shift, and go to state 107

    space  go to state 184


State 46

  155 hlt_instruction: hlt_instr .

    $default  reduce using rule 155 (hlt_instruction)


State 47

  156 inp_instruction: inp_instr . space integer_specifier
  157                | inp_instr . space real_specifier
  158                | inp_instr . space boolean_specifier
  159                | inp_instr . space character_specifier
  160                | inp_instr . space address_specifier
  161                | inp_instr . error

    error  shift, and go to state 185
    blank  shift, and go to state 107

    space  go to state 186


State 48

  162 out_instruction: out_instr . space real_specifier space integer_specifier
  163                | out_instr . space real_specifier
  164                | out_instr . space integer_specifier
  165                | out_instr . space character_specifier
  166                | out_instr . space address_specifier
  167                | out_instr . space boolean_specifier
  168                | out_instr . error

    error  shift, and go to state 187
    blank  shift, and go to state 107

    space  go to state 188


State 49

  169 conv_instruction: conv_instr . space arbitrary space arbitrary
  170                 | conv_instr . error

    error  shift, and go to state 189
    blank  shift, and go to state 107

    space  go to state 190


State 50

    4 EndlineRepeater: endline .

    $default  reduce using rule 4 (EndlineRepeater)


State 51

  171 label_introduction: defininglabel .

    $default  reduce using rule 171 (label_introduction)


State 52

    0 $accept: Grammar . $end

    $end  shift, and go to state 191


State 53

    3 EndlineRepeater: EndlineRepeater . endline
    7 InstructionSequence: EndlineRepeater .

    endline  shift, and go to state 192

    $default  reduce using rule 7 (InstructionSequence)


State 54

    2 Grammar: InstructionSequence .
    5 InstructionSequence: InstructionSequence . Instruction EndlineRepeater

    add_instr      shift, and go to state 1
    sub_instr      shift, and go to state 2
    mul_instr      shift, and go to state 3
    div_instr      shift, and go to state 4
    neg_instr      shift, and go to state 5
    and_instr      shift, and go to state 6
    or_instr       shift, and go to state 7
    not_instr      shift, and go to state 8
    equ_instr      shift, and go to state 9
    geq_instr      shift, and go to state 10
    leq_instr      shift, and go to state 11
    les_instr      shift, and go to state 12
    grt_instr      shift, and go to state 13
    neq_instr      shift, and go to state 14
    ldo_instr      shift, and go to state 15
    ldc_instr      shift, and go to state 16
    ind_instr      shift, and go to state 17
    sro_instr      shift, and go to state 18
    sto_instr      shift, and go to state 19
    ujp_instr      shift, and go to state 20
    fjp_instr      shift, and go to state 21
    ixj_instr      shift, and go to state 22
    ixa_instr      shift, and go to state 23
    inc_instr      shift, and go to state 24
    dec_instr      shift, and go to state 25
    chk_instr      shift, and go to state 26
    dpl_instr      shift, and go to state 27
    ldd_instr      shift, and go to state 28
    sli_instr      shift, and go to state 29
    new_instr      shift, and go to state 30
    lod_instr      shift, and go to state 31
    lda_instr      shift, and go to state 32
    str_instr      shift, and go to state 33
    mst_instr      shift, and go to state 34
    cup_instr      shift, and go to state 35
    ssp_instr      shift, and go to state 36
    sep_instr      shift, and go to state 37
    ent_instr      shift, and go to state 38
    retf_instr     shift, and go to state 39
    retp_instr     shift, and go to state 40
    movs_instr     shift, and go to state 41
    movd_instr     shift, and go to state 42
    smp_instr      shift, and go to state 43
    cupi_instr     shift, and go to state 44
    mstf_instr     shift, and go to state 45
    hlt_instr      shift, and go to state 46
    inp_instr      shift, and go to state 47
    out_instr      shift, and go to state 48
    conv_instr     shift, and go to state 49
    defininglabel  shift, and go to state 51

    $default  reduce using rule 2 (Grammar)

    Instruction         go to state 193
    add_instruction     go to state 56
    sub_instruction     go to state 57
    mul_instruction     go to state 58
    div_instruction     go to state 59
    neg_instruction     go to state 60
    and_instruction     go to state 61
    or_instruction      go to state 62
    not_instruction     go to state 63
    equ_instruction     go to state 64
    geq_instruction     go to state 65
    leq_instruction     go to state 66
    les_instruction     go to state 67
    grt_instruction     go to state 68
    neq_instruction     go to state 69
    ldo_instruction     go to state 70
    ldc_instruction     go to state 71
    ind_instruction     go to state 72
    sro_instruction     go to state 73
    sto_instruction     go to state 74
    ujp_instruction     go to state 75
    fjp_instruction     go to state 76
    ixj_instruction     go to state 77
    ixa_instruction     go to state 78
    inc_instruction     go to state 79
    dec_instruction     go to state 80
    chk_instruction     go to state 81
    dpl_instruction     go to state 82
    ldd_instruction     go to state 83
    sli_instruction     go to state 84
    new_instruction     go to state 85
    lod_instruction     go to state 86
    lda_instruction     go to state 87
    str_instruction     go to state 88
    mst_instruction     go to state 89
    cup_instruction     go to state 90
    ssp_instruction     go to state 91
    sep_instruction     go to state 92
    ent_instruction     go to state 93
    retf_instruction    go to state 94
    retp_instruction    go to state 95
    movs_instruction    go to state 96
    movd_instruction    go to state 97
    smp_instruction     go to state 98
    cupi_instruction    go to state 99
    mstf_instruction    go to state 100
    hlt_instruction     go to state 101
    inp_instruction     go to state 102
    out_instruction     go to state 103
    conv_instruction    go to state 104
    label_introduction  go to state 105


State 55

    6 InstructionSequence: Instruction . EndlineRepeater

    endline  shift, and go to state 50

    EndlineRepeater  go to state 194


State 56

    8 Instruction: add_instruction .

    $default  reduce using rule 8 (Instruction)


State 57

    9 Instruction: sub_instruction .

    $default  reduce using rule 9 (Instruction)


State 58

   10 Instruction: mul_instruction .

    $default  reduce using rule 10 (Instruction)


State 59

   11 Instruction: div_instruction .

    $default  reduce using rule 11 (Instruction)


State 60

   12 Instruction: neg_instruction .

    $default  reduce using rule 12 (Instruction)


State 61

   13 Instruction: and_instruction .

    $default  reduce using rule 13 (Instruction)


State 62

   14 Instruction: or_instruction .

    $default  reduce using rule 14 (Instruction)


State 63

   15 Instruction: not_instruction .

    $default  reduce using rule 15 (Instruction)


State 64

   16 Instruction: equ_instruction .

    $default  reduce using rule 16 (Instruction)


State 65

   17 Instruction: geq_instruction .

    $default  reduce using rule 17 (Instruction)


State 66

   18 Instruction: leq_instruction .

    $default  reduce using rule 18 (Instruction)


State 67

   19 Instruction: les_instruction .

    $default  reduce using rule 19 (Instruction)


State 68

   20 Instruction: grt_instruction .

    $default  reduce using rule 20 (Instruction)


State 69

   21 Instruction: neq_instruction .

    $default  reduce using rule 21 (Instruction)


State 70

   22 Instruction: ldo_instruction .

    $default  reduce using rule 22 (Instruction)


State 71

   23 Instruction: ldc_instruction .

    $default  reduce using rule 23 (Instruction)


State 72

   24 Instruction: ind_instruction .

    $default  reduce using rule 24 (Instruction)


State 73

   25 Instruction: sro_instruction .

    $default  reduce using rule 25 (Instruction)


State 74

   26 Instruction: sto_instruction .

    $default  reduce using rule 26 (Instruction)


State 75

   27 Instruction: ujp_instruction .

    $default  reduce using rule 27 (Instruction)


State 76

   28 Instruction: fjp_instruction .

    $default  reduce using rule 28 (Instruction)


State 77

   29 Instruction: ixj_instruction .

    $default  reduce using rule 29 (Instruction)


State 78

   30 Instruction: ixa_instruction .

    $default  reduce using rule 30 (Instruction)


State 79

   31 Instruction: inc_instruction .

    $default  reduce using rule 31 (Instruction)


State 80

   32 Instruction: dec_instruction .

    $default  reduce using rule 32 (Instruction)


State 81

   33 Instruction: chk_instruction .

    $default  reduce using rule 33 (Instruction)


State 82

   34 Instruction: dpl_instruction .

    $default  reduce using rule 34 (Instruction)


State 83

   35 Instruction: ldd_instruction .

    $default  reduce using rule 35 (Instruction)


State 84

   36 Instruction: sli_instruction .

    $default  reduce using rule 36 (Instruction)


State 85

   37 Instruction: new_instruction .

    $default  reduce using rule 37 (Instruction)


State 86

   38 Instruction: lod_instruction .

    $default  reduce using rule 38 (Instruction)


State 87

   39 Instruction: lda_instruction .

    $default  reduce using rule 39 (Instruction)


State 88

   40 Instruction: str_instruction .

    $default  reduce using rule 40 (Instruction)


State 89

   41 Instruction: mst_instruction .

    $default  reduce using rule 41 (Instruction)


State 90

   42 Instruction: cup_instruction .

    $default  reduce using rule 42 (Instruction)


State 91

   43 Instruction: ssp_instruction .

    $default  reduce using rule 43 (Instruction)


State 92

   44 Instruction: sep_instruction .

    $default  reduce using rule 44 (Instruction)


State 93

   45 Instruction: ent_instruction .

    $default  reduce using rule 45 (Instruction)


State 94

   46 Instruction: retf_instruction .

    $default  reduce using rule 46 (Instruction)


State 95

   47 Instruction: retp_instruction .

    $default  reduce using rule 47 (Instruction)


State 96

   48 Instruction: movs_instruction .

    $default  reduce using rule 48 (Instruction)


State 97

   49 Instruction: movd_instruction .

    $default  reduce using rule 49 (Instruction)


State 98

   50 Instruction: smp_instruction .

    $default  reduce using rule 50 (Instruction)


State 99

   51 Instruction: cupi_instruction .

    $default  reduce using rule 51 (Instruction)


State 100

   52 Instruction: mstf_instruction .

    $default  reduce using rule 52 (Instruction)


State 101

   53 Instruction: hlt_instruction .

    $default  reduce using rule 53 (Instruction)


State 102

   54 Instruction: inp_instruction .

    $default  reduce using rule 54 (Instruction)


State 103

   55 Instruction: out_instruction .

    $default  reduce using rule 55 (Instruction)


State 104

   56 Instruction: conv_instruction .

    $default  reduce using rule 56 (Instruction)


State 105

   57 Instruction: label_introduction .

    $default  reduce using rule 57 (Instruction)


State 106

   67 add_instruction: add_instr error .

    $default  reduce using rule 67 (add_instruction)


State 107

   64 space: blank . space
   65      | blank .

    blank  shift, and go to state 107

    $default  reduce using rule 65 (space)

    space  go to state 195


State 108

   66 add_instruction: add_instr space . numeric

    real_specifier     shift, and go to state 196
    integer_specifier  shift, and go to state 197

    numeric  go to state 198


State 109

   69 sub_instruction: sub_instr error .

    $default  reduce using rule 69 (sub_instruction)


State 110

   68 sub_instruction: sub_instr space . numeric

    real_specifier     shift, and go to state 196
    integer_specifier  shift, and go to state 197

    numeric  go to state 199


State 111

   71 mul_instruction: mul_instr error .

    $default  reduce using rule 71 (mul_instruction)


State 112

   70 mul_instruction: mul_instr space . numeric

    real_specifier     shift, and go to state 196
    integer_specifier  shift, and go to state 197

    numeric  go to state 200


State 113

   73 div_instruction: div_instr error .

    $default  reduce using rule 73 (div_instruction)


State 114

   72 div_instruction: div_instr space . numeric

    real_specifier     shift, and go to state 196
    integer_specifier  shift, and go to state 197

    numeric  go to state 201


State 115

   75 neg_instruction: neg_instr error .

    $default  reduce using rule 75 (neg_instruction)


State 116

   74 neg_instruction: neg_instr space . numeric

    real_specifier     shift, and go to state 196
    integer_specifier  shift, and go to state 197

    numeric  go to state 202


State 117

   80 equ_instruction: equ_instr error .

    $default  reduce using rule 80 (equ_instruction)


State 118

   79 equ_instruction: equ_instr space . arbitrary

    boolean_specifier    shift, and go to state 203
    real_specifier       shift, and go to state 196
    integer_specifier    shift, and go to state 197
    character_specifier  shift, and go to state 204
    address_specifier    shift, and go to state 205

    numeric    go to state 206
    arbitrary  go to state 207


State 119

   82 geq_instruction: geq_instr error .

    $default  reduce using rule 82 (geq_instruction)


State 120

   81 geq_instruction: geq_instr space . arbitrary

    boolean_specifier    shift, and go to state 203
    real_specifier       shift, and go to state 196
    integer_specifier    shift, and go to state 197
    character_specifier  shift, and go to state 204
    address_specifier    shift, and go to state 205

    numeric    go to state 206
    arbitrary  go to state 208


State 121

   84 leq_instruction: leq_instr error .

    $default  reduce using rule 84 (leq_instruction)


State 122

   83 leq_instruction: leq_instr space . arbitrary

    boolean_specifier    shift, and go to state 203
    real_specifier       shift, and go to state 196
    integer_specifier    shift, and go to state 197
    character_specifier  shift, and go to state 204
    address_specifier    shift, and go to state 205

    numeric    go to state 206
    arbitrary  go to state 209


State 123

   86 les_instruction: les_instr error .

    $default  reduce using rule 86 (les_instruction)


State 124

   85 les_instruction: les_instr space . arbitrary

    boolean_specifier    shift, and go to state 203
    real_specifier       shift, and go to state 196
    integer_specifier    shift, and go to state 197
    character_specifier  shift, and go to state 204
    address_specifier    shift, and go to state 205

    numeric    go to state 206
    arbitrary  go to state 210


State 125

   88 grt_instruction: grt_instr error .

    $default  reduce using rule 88 (grt_instruction)


State 126

   87 grt_instruction: grt_instr space . arbitrary

    boolean_specifier    shift, and go to state 203
    real_specifier       shift, and go to state 196
    integer_specifier    shift, and go to state 197
    character_specifier  shift, and go to state 204
    address_specifier    shift, and go to state 205

    numeric    go to state 206
    arbitrary  go to state 211


State 127

   90 neq_instruction: neq_instr error .

    $default  reduce using rule 90 (neq_instruction)


State 128

   89 neq_instruction: neq_instr space . arbitrary

    boolean_specifier    shift, and go to state 203
    real_specifier       shift, and go to state 196
    integer_specifier    shift, and go to state 197
    character_specifier  shift, and go to state 204
    address_specifier    shift, and go to state 205

    numeric    go to state 206
    arbitrary  go to state 212


State 129

   92 ldo_instruction: ldo_instr error .

    $default  reduce using rule 92 (ldo_instruction)


State 130

   91 ldo_instruction: ldo_instr space . arbitrary space integervalue

    boolean_specifier    shift, and go to state 203
    real_specifier       shift, and go to state 196
    integer_specifier    shift, and go to state 197
    character_specifier  shift, and go to state 204
    address_specifier    shift, and go to state 205

    numeric    go to state 206
    arbitrary  go to state 213


State 131

   99 ldc_instruction: ldc_instr error .

    $default  reduce using rule 99 (ldc_instruction)


State 132

   93 ldc_instruction: ldc_instr space . real_specifier space realvalue
   94                | ldc_instr space . integer_specifier space integervalue
   95                | ldc_instr space . boolean_specifier space boolvalue
   96                | ldc_instr space . character_specifier space integervalue
   97                | ldc_instr space . character_specifier space charactervalue
   98                | ldc_instr space . address_specifier space integervalue

    boolean_specifier    shift, and go to state 214
    real_specifier       shift, and go to state 215
    integer_specifier    shift, and go to state 216
    character_specifier  shift, and go to state 217
    address_specifier    shift, and go to state 218


State 133

  101 ind_instruction: ind_instr error .

    $default  reduce using rule 101 (ind_instruction)


State 134

  100 ind_instruction: ind_instr space . arbitrary

    boolean_specifier    shift, and go to state 203
    real_specifier       shift, and go to state 196
    integer_specifier    shift, and go to state 197
    character_specifier  shift, and go to state 204
    address_specifier    shift, and go to state 205

    numeric    go to state 206
    arbitrary  go to state 219


State 135

  103 sro_instruction: sro_instr error .

    $default  reduce using rule 103 (sro_instruction)


State 136

  102 sro_instruction: sro_instr space . arbitrary space integervalue

    boolean_specifier    shift, and go to state 203
    real_specifier       shift, and go to state 196
    integer_specifier    shift, and go to state 197
    character_specifier  shift, and go to state 204
    address_specifier    shift, and go to state 205

    numeric    go to state 206
    arbitrary  go to state 220


State 137

  105 sto_instruction: sto_instr error .

    $default  reduce using rule 105 (sto_instruction)


State 138

  104 sto_instruction: sto_instr space . arbitrary

    boolean_specifier    shift, and go to state 203
    real_specifier       shift, and go to state 196
    integer_specifier    shift, and go to state 197
    character_specifier  shift, and go to state 204
    address_specifier    shift, and go to state 205

    numeric    go to state 206
    arbitrary  go to state 221


State 139

  107 ujp_instruction: ujp_instr error .

    $default  reduce using rule 107 (ujp_instruction)


State 140

  106 ujp_instruction: ujp_instr space . appliedlabel

    appliedlabel  shift, and go to state 222


State 141

  109 fjp_instruction: fjp_instr error .

    $default  reduce using rule 109 (fjp_instruction)


State 142

  108 fjp_instruction: fjp_instr space . appliedlabel

    appliedlabel  shift, and go to state 223


State 143

  111 ixj_instruction: ixj_instr error .

    $default  reduce using rule 111 (ixj_instruction)


State 144

  110 ixj_instruction: ixj_instr space . appliedlabel

    appliedlabel  shift, and go to state 224


State 145

  113 ixa_instruction: ixa_instr error .

    $default  reduce using rule 113 (ixa_instruction)


State 146

  112 ixa_instruction: ixa_instr space . integervalue

    integervalue  shift, and go to state 225


State 147

  115 inc_instruction: inc_instr error .

    $default  reduce using rule 115 (inc_instruction)


State 148

  114 inc_instruction: inc_instr space . arbitrary space integervalue

    boolean_specifier    shift, and go to state 203
    real_specifier       shift, and go to state 196
    integer_specifier    shift, and go to state 197
    character_specifier  shift, and go to state 204
    address_specifier    shift, and go to state 205

    numeric    go to state 206
    arbitrary  go to state 226


State 149

  117 dec_instruction: dec_instr error .

    $default  reduce using rule 117 (dec_instruction)


State 150

  116 dec_instruction: dec_instr space . arbitrary space integervalue

    boolean_specifier    shift, and go to state 203
    real_specifier       shift, and go to state 196
    integer_specifier    shift, and go to state 197
    character_specifier  shift, and go to state 204
    address_specifier    shift, and go to state 205

    numeric    go to state 206
    arbitrary  go to state 227


State 151

  119 chk_instruction: chk_instr error .

    $default  reduce using rule 119 (chk_instruction)


State 152

  118 chk_instruction: chk_instr space . integervalue space integervalue

    integervalue  shift, and go to state 228


State 153

  121 dpl_instruction: dpl_instr error .

    $default  reduce using rule 121 (dpl_instruction)


State 154

  120 dpl_instruction: dpl_instr space . arbitrary

    boolean_specifier    shift, and go to state 203
    real_specifier       shift, and go to state 196
    integer_specifier    shift, and go to state 197
    character_specifier  shift, and go to state 204
    address_specifier    shift, and go to state 205

    numeric    go to state 206
    arbitrary  go to state 229


State 155

  123 ldd_instruction: ldd_instr error .

    $default  reduce using rule 123 (ldd_instruction)


State 156

  122 ldd_instruction: ldd_instr space . integervalue

    integervalue  shift, and go to state 230


State 157

  125 sli_instruction: sli_instr error .

    $default  reduce using rule 125 (sli_instruction)


State 158

  124 sli_instruction: sli_instr space . arbitrary

    boolean_specifier    shift, and go to state 203
    real_specifier       shift, and go to state 196
    integer_specifier    shift, and go to state 197
    character_specifier  shift, and go to state 204
    address_specifier    shift, and go to state 205

    numeric    go to state 206
    arbitrary  go to state 231


State 159

  128 lod_instruction: lod_instr error .

    $default  reduce using rule 128 (lod_instruction)


State 160

  127 lod_instruction: lod_instr space . arbitrary space integervalue space integervalue

    boolean_specifier    shift, and go to state 203
    real_specifier       shift, and go to state 196
    integer_specifier    shift, and go to state 197
    character_specifier  shift, and go to state 204
    address_specifier    shift, and go to state 205

    numeric    go to state 206
    arbitrary  go to state 232


State 161

  130 lda_instruction: lda_instr error .

    $default  reduce using rule 130 (lda_instruction)


State 162

  129 lda_instruction: lda_instr space . integervalue space integervalue

    integervalue  shift, and go to state 233


State 163

  132 str_instruction: str_instr error .

    $default  reduce using rule 132 (str_instruction)


State 164

  131 str_instruction: str_instr space . arbitrary space integervalue space integervalue

    boolean_specifier    shift, and go to state 203
    real_specifier       shift, and go to state 196
    integer_specifier    shift, and go to state 197
    character_specifier  shift, and go to state 204
    address_specifier    shift, and go to state 205

    numeric    go to state 206
    arbitrary  go to state 234


State 165

  134 mst_instruction: mst_instr error .

    $default  reduce using rule 134 (mst_instruction)


State 166

  133 mst_instruction: mst_instr space . integervalue

    integervalue  shift, and go to state 235


State 167

  136 cup_instruction: cup_instr error .

    $default  reduce using rule 136 (cup_instruction)


State 168

  135 cup_instruction: cup_instr space . integervalue space appliedlabel

    integervalue  shift, and go to state 236


State 169

  138 ssp_instruction: ssp_instr error .

    $default  reduce using rule 138 (ssp_instruction)


State 170

  137 ssp_instruction: ssp_instr space . integervalue

    integervalue  shift, and go to state 237


State 171

  140 sep_instruction: sep_instr error .

    $default  reduce using rule 140 (sep_instruction)


State 172

  139 sep_instruction: sep_instr space . integervalue

    integervalue  shift, and go to state 238


State 173

  142 ent_instruction: ent_instr error .

    $default  reduce using rule 142 (ent_instruction)


State 174

  141 ent_instruction: ent_instr space . integervalue space integervalue

    integervalue  shift, and go to state 239


State 175

  146 movs_instruction: movs_instr error .

    $default  reduce using rule 146 (movs_instruction)


State 176

  145 movs_instruction: movs_instr space . integervalue

    integervalue  shift, and go to state 240


State 177

  148 movd_instruction: movd_instr error .

    $default  reduce using rule 148 (movd_instruction)


State 178

  147 movd_instruction: movd_instr space . integervalue

    integervalue  shift, and go to state 241


State 179

  150 smp_instruction: smp_instr error .

    $default  reduce using rule 150 (smp_instruction)


State 180

  149 smp_instruction: smp_instr space . integervalue

    integervalue  shift, and go to state 242


State 181

  152 cupi_instruction: cupi_instr error .

    $default  reduce using rule 152 (cupi_instruction)


State 182

  151 cupi_instruction: cupi_instr space . integervalue space integervalue

    integervalue  shift, and go to state 243


State 183

  154 mstf_instruction: mstf_instr error .

    $default  reduce using rule 154 (mstf_instruction)


State 184

  153 mstf_instruction: mstf_instr space . integervalue space integervalue

    integervalue  shift, and go to state 244


State 185

  161 inp_instruction: inp_instr error .

    $default  reduce using rule 161 (inp_instruction)


State 186

  156 inp_instruction: inp_instr space . integer_specifier
  157                | inp_instr space . real_specifier
  158                | inp_instr space . boolean_specifier
  159                | inp_instr space . character_specifier
  160                | inp_instr space . address_specifier

    boolean_specifier    shift, and go to state 245
    real_specifier       shift, and go to state 246
    integer_specifier    shift, and go to state 247
    character_specifier  shift, and go to state 248
    address_specifier    shift, and go to state 249


State 187

  168 out_instruction: out_instr error .

    $default  reduce using rule 168 (out_instruction)


State 188

  162 out_instruction: out_instr space . real_specifier space integer_specifier
  163                | out_instr space . real_specifier
  164                | out_instr space . integer_specifier
  165                | out_instr space . character_specifier
  166                | out_instr space . address_specifier
  167                | out_instr space . boolean_specifier

    boolean_specifier    shift, and go to state 250
    real_specifier       shift, and go to state 251
    integer_specifier    shift, and go to state 252
    character_specifier  shift, and go to state 253
    address_specifier    shift, and go to state 254


State 189

  170 conv_instruction: conv_instr error .

    $default  reduce using rule 170 (conv_instruction)


State 190

  169 conv_instruction: conv_instr space . arbitrary space arbitrary

    boolean_specifier    shift, and go to state 203
    real_specifier       shift, and go to state 196
    integer_specifier    shift, and go to state 197
    character_specifier  shift, and go to state 204
    address_specifier    shift, and go to state 205

    numeric    go to state 206
    arbitrary  go to state 255


State 191

    0 $accept: Grammar $end .

    $default  accept


State 192

    3 EndlineRepeater: EndlineRepeater endline .

    $default  reduce using rule 3 (EndlineRepeater)


State 193

    5 InstructionSequence: InstructionSequence Instruction . EndlineRepeater

    endline  shift, and go to state 50

    EndlineRepeater  go to state 256


State 194

    3 EndlineRepeater: EndlineRepeater . endline
    6 InstructionSequence: Instruction EndlineRepeater .

    endline  shift, and go to state 192

    $default  reduce using rule 6 (InstructionSequence)


State 195

   64 space: blank space .

    $default  reduce using rule 64 (space)


State 196

   58 numeric: real_specifier .

    $default  reduce using rule 58 (numeric)


State 197

   59 numeric: integer_specifier .

    $default  reduce using rule 59 (numeric)


State 198

   66 add_instruction: add_instr space numeric .

    $default  reduce using rule 66 (add_instruction)


State 199

   68 sub_instruction: sub_instr space numeric .

    $default  reduce using rule 68 (sub_instruction)


State 200

   70 mul_instruction: mul_instr space numeric .

    $default  reduce using rule 70 (mul_instruction)


State 201

   72 div_instruction: div_instr space numeric .

    $default  reduce using rule 72 (div_instruction)


State 202

   74 neg_instruction: neg_instr space numeric .

    $default  reduce using rule 74 (neg_instruction)


State 203

   61 arbitrary: boolean_specifier .

    $default  reduce using rule 61 (arbitrary)


State 204

   62 arbitrary: character_specifier .

    $default  reduce using rule 62 (arbitrary)


State 205

   63 arbitrary: address_specifier .

    $default  reduce using rule 63 (arbitrary)


State 206

   60 arbitrary: numeric .

    $default  reduce using rule 60 (arbitrary)


State 207

   79 equ_instruction: equ_instr space arbitrary .

    $default  reduce using rule 79 (equ_instruction)


State 208

   81 geq_instruction: geq_instr space arbitrary .

    $default  reduce using rule 81 (geq_instruction)


State 209

   83 leq_instruction: leq_instr space arbitrary .

    $default  reduce using rule 83 (leq_instruction)


State 210

   85 les_instruction: les_instr space arbitrary .

    $default  reduce using rule 85 (les_instruction)


State 211

   87 grt_instruction: grt_instr space arbitrary .

    $default  reduce using rule 87 (grt_instruction)


State 212

   89 neq_instruction: neq_instr space arbitrary .

    $default  reduce using rule 89 (neq_instruction)


State 213

   91 ldo_instruction: ldo_instr space arbitrary . space integervalue

    blank  shift, and go to state 107

    space  go to state 257


State 214

   95 ldc_instruction: ldc_instr space boolean_specifier . space boolvalue

    blank  shift, and go to state 107

    space  go to state 258


State 215

   93 ldc_instruction: ldc_instr space real_specifier . space realvalue

    blank  shift, and go to state 107

    space  go to state 259


State 216

   94 ldc_instruction: ldc_instr space integer_specifier . space integervalue

    blank  shift, and go to state 107

    space  go to state 260


State 217

   96 ldc_instruction: ldc_instr space character_specifier . space integervalue
   97                | ldc_instr space character_specifier . space charactervalue

    blank  shift, and go to state 107

    space  go to state 261


State 218

   98 ldc_instruction: ldc_instr space address_specifier . space integervalue

    blank  shift, and go to state 107

    space  go to state 262


State 219

  100 ind_instruction: ind_instr space arbitrary .

    $default  reduce using rule 100 (ind_instruction)


State 220

  102 sro_instruction: sro_instr space arbitrary . space integervalue

    blank  shift, and go to state 107

    space  go to state 263


State 221

  104 sto_instruction: sto_instr space arbitrary .

    $default  reduce using rule 104 (sto_instruction)


State 222

  106 ujp_instruction: ujp_instr space appliedlabel .

    $default  reduce using rule 106 (ujp_instruction)


State 223

  108 fjp_instruction: fjp_instr space appliedlabel .

    $default  reduce using rule 108 (fjp_instruction)


State 224

  110 ixj_instruction: ixj_instr space appliedlabel .

    $default  reduce using rule 110 (ixj_instruction)


State 225

  112 ixa_instruction: ixa_instr space integervalue .

    $default  reduce using rule 112 (ixa_instruction)


State 226

  114 inc_instruction: inc_instr space arbitrary . space integervalue

    blank  shift, and go to state 107

    space  go to state 264


State 227

  116 dec_instruction: dec_instr space arbitrary . space integervalue

    blank  shift, and go to state 107

    space  go to state 265


State 228

  118 chk_instruction: chk_instr space integervalue . space integervalue

    blank  shift, and go to state 107

    space  go to state 266


State 229

  120 dpl_instruction: dpl_instr space arbitrary .

    $default  reduce using rule 120 (dpl_instruction)


State 230

  122 ldd_instruction: ldd_instr space integervalue .

    $default  reduce using rule 122 (ldd_instruction)


State 231

  124 sli_instruction: sli_instr space arbitrary .

    $default  reduce using rule 124 (sli_instruction)


State 232

  127 lod_instruction: lod_instr space arbitrary . space integervalue space integervalue

    blank  shift, and go to state 107

    space  go to state 267


State 233

  129 lda_instruction: lda_instr space integervalue . space integervalue

    blank  shift, and go to state 107

    space  go to state 268


State 234

  131 str_instruction: str_instr space arbitrary . space integervalue space integervalue

    blank  shift, and go to state 107

    space  go to state 269


State 235

  133 mst_instruction: mst_instr space integervalue .

    $default  reduce using rule 133 (mst_instruction)


State 236

  135 cup_instruction: cup_instr space integervalue . space appliedlabel

    blank  shift, and go to state 107

    space  go to state 270


State 237

  137 ssp_instruction: ssp_instr space integervalue .

    $default  reduce using rule 137 (ssp_instruction)


State 238

  139 sep_instruction: sep_instr space integervalue .

    $default  reduce using rule 139 (sep_instruction)


State 239

  141 ent_instruction: ent_instr space integervalue . space integervalue

    blank  shift, and go to state 107

    space  go to state 271


State 240

  145 movs_instruction: movs_instr space integervalue .

    $default  reduce using rule 145 (movs_instruction)


State 241

  147 movd_instruction: movd_instr space integervalue .

    $default  reduce using rule 147 (movd_instruction)


State 242

  149 smp_instruction: smp_instr space integervalue .

    $default  reduce using rule 149 (smp_instruction)


State 243

  151 cupi_instruction: cupi_instr space integervalue . space integervalue

    blank  shift, and go to state 107

    space  go to state 272


State 244

  153 mstf_instruction: mstf_instr space integervalue . space integervalue

    blank  shift, and go to state 107

    space  go to state 273


State 245

  158 inp_instruction: inp_instr space boolean_specifier .

    $default  reduce using rule 158 (inp_instruction)


State 246

  157 inp_instruction: inp_instr space real_specifier .

    $default  reduce using rule 157 (inp_instruction)


State 247

  156 inp_instruction: inp_instr space integer_specifier .

    $default  reduce using rule 156 (inp_instruction)


State 248

  159 inp_instruction: inp_instr space character_specifier .

    $default  reduce using rule 159 (inp_instruction)


State 249

  160 inp_instruction: inp_instr space address_specifier .

    $default  reduce using rule 160 (inp_instruction)


State 250

  167 out_instruction: out_instr space boolean_specifier .

    $default  reduce using rule 167 (out_instruction)


State 251

  162 out_instruction: out_instr space real_specifier . space integer_specifier
  163                | out_instr space real_specifier .

    blank  shift, and go to state 107

    $default  reduce using rule 163 (out_instruction)

    space  go to state 274


State 252

  164 out_instruction: out_instr space integer_specifier .

    $default  reduce using rule 164 (out_instruction)


State 253

  165 out_instruction: out_instr space character_specifier .

    $default  reduce using rule 165 (out_instruction)


State 254

  166 out_instruction: out_instr space address_specifier .

    $default  reduce using rule 166 (out_instruction)


State 255

  169 conv_instruction: conv_instr space arbitrary . space arbitrary

    blank  shift, and go to state 107

    space  go to state 275


State 256

    3 EndlineRepeater: EndlineRepeater . endline
    5 InstructionSequence: InstructionSequence Instruction EndlineRepeater .

    endline  shift, and go to state 192

    $default  reduce using rule 5 (InstructionSequence)


State 257

   91 ldo_instruction: ldo_instr space arbitrary space . integervalue

    integervalue  shift, and go to state 276


State 258

   95 ldc_instruction: ldc_instr space boolean_specifier space . boolvalue

    boolvalue  shift, and go to state 277


State 259

   93 ldc_instruction: ldc_instr space real_specifier space . realvalue

    realvalue  shift, and go to state 278


State 260

   94 ldc_instruction: ldc_instr space integer_specifier space . integervalue

    integervalue  shift, and go to state 279


State 261

   96 ldc_instruction: ldc_instr space character_specifier space . integervalue
   97                | ldc_instr space character_specifier space . charactervalue

    integervalue    shift, and go to state 280
    charactervalue  shift, and go to state 281


State 262

   98 ldc_instruction: ldc_instr space address_specifier space . integervalue

    integervalue  shift, and go to state 282


State 263

  102 sro_instruction: sro_instr space arbitrary space . integervalue

    integervalue  shift, and go to state 283


State 264

  114 inc_instruction: inc_instr space arbitrary space . integervalue

    integervalue  shift, and go to state 284


State 265

  116 dec_instruction: dec_instr space arbitrary space . integervalue

    integervalue  shift, and go to state 285


State 266

  118 chk_instruction: chk_instr space integervalue space . integervalue

    integervalue  shift, and go to state 286


State 267

  127 lod_instruction: lod_instr space arbitrary space . integervalue space integervalue

    integervalue  shift, and go to state 287


State 268

  129 lda_instruction: lda_instr space integervalue space . integervalue

    integervalue  shift, and go to state 288


State 269

  131 str_instruction: str_instr space arbitrary space . integervalue space integervalue

    integervalue  shift, and go to state 289


State 270

  135 cup_instruction: cup_instr space integervalue space . appliedlabel

    appliedlabel  shift, and go to state 290


State 271

  141 ent_instruction: ent_instr space integervalue space . integervalue

    integervalue  shift, and go to state 291


State 272

  151 cupi_instruction: cupi_instr space integervalue space . integervalue

    integervalue  shift, and go to state 292


State 273

  153 mstf_instruction: mstf_instr space integervalue space . integervalue

    integervalue  shift, and go to state 293


State 274

  162 out_instruction: out_instr space real_specifier space . integer_specifier

    integer_specifier  shift, and go to state 294


State 275

  169 conv_instruction: conv_instr space arbitrary space . arbitrary

    boolean_specifier    shift, and go to state 203
    real_specifier       shift, and go to state 196
    integer_specifier    shift, and go to state 197
    character_specifier  shift, and go to state 204
    address_specifier    shift, and go to state 205

    numeric    go to state 206
    arbitrary  go to state 295


State 276

   91 ldo_instruction: ldo_instr space arbitrary space integervalue .

    $default  reduce using rule 91 (ldo_instruction)


State 277

   95 ldc_instruction: ldc_instr space boolean_specifier space boolvalue .

    $default  reduce using rule 95 (ldc_instruction)


State 278

   93 ldc_instruction: ldc_instr space real_specifier space realvalue .

    $default  reduce using rule 93 (ldc_instruction)


State 279

   94 ldc_instruction: ldc_instr space integer_specifier space integervalue .

    $default  reduce using rule 94 (ldc_instruction)


State 280

   96 ldc_instruction: ldc_instr space character_specifier space integervalue .

    $default  reduce using rule 96 (ldc_instruction)


State 281

   97 ldc_instruction: ldc_instr space character_specifier space charactervalue .

    $default  reduce using rule 97 (ldc_instruction)


State 282

   98 ldc_instruction: ldc_instr space address_specifier space integervalue .

    $default  reduce using rule 98 (ldc_instruction)


State 283

  102 sro_instruction: sro_instr space arbitrary space integervalue .

    $default  reduce using rule 102 (sro_instruction)


State 284

  114 inc_instruction: inc_instr space arbitrary space integervalue .

    $default  reduce using rule 114 (inc_instruction)


State 285

  116 dec_instruction: dec_instr space arbitrary space integervalue .

    $default  reduce using rule 116 (dec_instruction)


State 286

  118 chk_instruction: chk_instr space integervalue space integervalue .

    $default  reduce using rule 118 (chk_instruction)


State 287

  127 lod_instruction: lod_instr space arbitrary space integervalue . space integervalue

    blank  shift, and go to state 107

    space  go to state 296


State 288

  129 lda_instruction: lda_instr space integervalue space integervalue .

    $default  reduce using rule 129 (lda_instruction)


State 289

  131 str_instruction: str_instr space arbitrary space integervalue . space integervalue

    blank  shift, and go to state 107

    space  go to state 297


State 290

  135 cup_instruction: cup_instr space integervalue space appliedlabel .

    $default  reduce using rule 135 (cup_instruction)


State 291

  141 ent_instruction: ent_instr space integervalue space integervalue .

    $default  reduce using rule 141 (ent_instruction)


State 292

  151 cupi_instruction: cupi_instr space integervalue space integervalue .

    $default  reduce using rule 151 (cupi_instruction)


State 293

  153 mstf_instruction: mstf_instr space integervalue space integervalue .

    $default  reduce using rule 153 (mstf_instruction)


State 294

  162 out_instruction: out_instr space real_specifier space integer_specifier .

    $default  reduce using rule 162 (out_instruction)


State 295

  169 conv_instruction: conv_instr space arbitrary space arbitrary .

    $default  reduce using rule 169 (conv_instruction)


State 296

  127 lod_instruction: lod_instr space arbitrary space integervalue space . integervalue

    integervalue  shift, and go to state 298


State 297

  131 str_instruction: str_instr space arbitrary space integervalue space . integervalue

    integervalue  shift, and go to state 299


State 298

  127 lod_instruction: lod_instr space arbitrary space integervalue space integervalue .

    $default  reduce using rule 127 (lod_instruction)


State 299

  131 str_instruction: str_instr space arbitrary space integervalue space integervalue .

    $default  reduce using rule 131 (str_instruction)
